system   D            wsystem.c:583  maybe_parent_dir                 [   0.00046] Also searching C:\Users\apaar\Documents\Crowbot\Crowbot\
system   D            wsystem.c:633  _al_win_safe_load_library        [   0.00069] PathFindOnPath found: C:\Windows\system32\d3d9.dll
system   D            wsystem.c:544  load_library_at_path             [   0.00072] Calling LoadLibrary C:\Windows\system32\d3d9.dll
system   I            wsystem.c:547  load_library_at_path             [   0.00452] Loaded C:\Windows\system32\d3d9.dll
d3d      I         d3d_disp.cpp:695  _al_d3d_init_display             [   0.01243] Render-to-texture: 1
system   I             system.c:272  al_install_system                [   0.01248] Allegro version: 5.0.8
display  W   display_settings.c:654  _al_deduce_color_format          [   0.01352] Could not deduce color format, sizes = (0,0,0,0,0), shifts = (0,0,0,0)
display  W   display_settings.c:654  _al_deduce_color_format          [   0.01448] Could not deduce color format, sizes = (0,0,0,0,0), shifts = (0,0,0,0)
d3d      I         d3d_disp.cpp:1732 d3d_create_display_locked        [   0.01620] faux_fullscreen=0
d3d      D         d3d_disp.cpp:1733 d3d_create_display_locked        [   0.01623] al_display=02A2B498
d3d      D         d3d_disp.cpp:1734 d3d_create_display_locked        [   0.01625] al_display->vt=02A2B3D0
d3d      I d3d_display_formats.cpp:144  _al_d3d_generate_display_format_list [   0.01725] found 288 format combinations
display  D   display_settings.c:191  debug_display_settings           [   0.01728] color: 32 (rgba 8880), depth: 0, stencil: 0, acc: 0000, samples: 0/0
display  D   display_settings.c:506  _al_score_display_settings       [   0.01730] Score is : 769
display  D   display_settings.c:191  debug_display_settings           [   0.01731] color: 32 (rgba 8880), depth: 0, stencil: 0, acc: 0000, samples: 0/0
display  D   display_settings.c:506  _al_score_display_settings       [   0.01733] Score is : 769
display  D   display_settings.c:191  debug_display_settings           [   0.01734] color: 32 (rgba 8880), depth: 0, stencil: 0, acc: 0000, samples: 2/1
display  D   display_settings.c:506  _al_score_display_settings       [   0.01736] Score is : 598
display  D   display_settings.c:191  debug_display_settings           [   0.01737] color: 32 (rgba 8880), depth: 0, stencil: 0, acc: 0000, samples: 3/1
display  D   display_settings.c:506  _al_score_display_settings       [   0.01738] Score is : 593
display  D   display_settings.c:191  debug_display_settings           [   0.01740] color: 32 (rgba 8880), depth: 0, stencil: 0, acc: 0000, samples: 4/1
display  D   display_settings.c:506  _al_score_display_settings       [   0.01741] Score is : 589
display  D   display_settings.c:191  debug_display_settings           [   0.01742] color: 32 (rgba 8880), depth: 0, stencil: 0, acc: 0000, samples: 5/1
display  D   display_settings.c:506  _al_score_display_settings       [   0.01744] Score is : 587
display  D   display_settings.c:191  debug_display_settings           [   0.01745] color: 32 (rgba 8880), depth: 0, stencil: 0, acc: 0000, samples: 6/1
display  D   display_settings.c:506  _al_score_display_settings       [   0.01747] Score is : 586
display  D   display_settings.c:191  debug_display_settings           [   0.01748] color: 32 (rgba 8880), depth: 0, stencil: 0, acc: 0000, samples: 7/1
display  D   display_settings.c:506  _al_score_display_settings       [   0.01749] Score is : 585
display  D   display_settings.c:191  debug_display_settings           [   0.01751] color: 32 (rgba 8880), depth: 0, stencil: 0, acc: 0000, samples: 8/1
display  D   display_settings.c:506  _al_score_display_settings       [   0.01752] Score is : 584
display  D   display_settings.c:191  debug_display_settings           [   0.01754] color: 32 (rgba 8880), depth: 24, stencil: 8, acc: 0000, samples: 0/0
display  D   display_settings.c:506  _al_score_display_settings       [   0.01756] Score is : 769
display  D   display_settings.c:191  debug_display_settings           [   0.01760] color: 32 (rgba 8880), depth: 24, stencil: 8, acc: 0000, samples: 0/0
display  D   display_settings.c:506  _al_score_display_settings       [   0.01765] Score is : 769
display  D   display_settings.c:191  debug_display_settings           [   0.01766] color: 32 (rgba 8880), depth: 24, stencil: 8, acc: 0000, samples: 2/1
display  D   display_settings.c:506  _al_score_display_settings       [   0.01768] Score is : 598
display  D   display_settings.c:191  debug_display_settings           [   0.01769] color: 32 (rgba 8880), depth: 24, stencil: 8, acc: 0000, samples: 3/1
display  D   display_settings.c:506  _al_score_display_settings       [   0.01771] Score is : 593
display  D   display_settings.c:191  debug_display_settings           [   0.01772] color: 32 (rgba 8880), depth: 24, stencil: 8, acc: 0000, samples: 4/1
display  D   display_settings.c:506  _al_score_display_settings       [   0.01774] Score is : 589
display  D   display_settings.c:191  debug_display_settings           [   0.01775] color: 32 (rgba 8880), depth: 24, stencil: 8, acc: 0000, samples: 5/1
display  D   display_settings.c:506  _al_score_display_settings       [   0.01777] Score is : 587
display  D   display_settings.c:191  debug_display_settings           [   0.01778] color: 32 (rgba 8880), depth: 24, stencil: 8, acc: 0000, samples: 6/1
display  D   display_settings.c:506  _al_score_display_settings       [   0.01779] Score is : 586
display  D   display_settings.c:191  debug_display_settings           [   0.01781] color: 32 (rgba 8880), depth: 24, stencil: 8, acc: 0000, samples: 7/1
display  D   display_settings.c:506  _al_score_display_settings       [   0.01782] Score is : 585
display  D   display_settings.c:191  debug_display_settings           [   0.01783] color: 32 (rgba 8880), depth: 24, stencil: 8, acc: 0000, samples: 8/1
display  D   display_settings.c:506  _al_score_display_settings       [   0.01785] Score is : 584
display  D   display_settings.c:191  debug_display_settings           [   0.01786] color: 32 (rgba 8880), depth: 24, stencil: 0, acc: 0000, samples: 0/0
display  D   display_settings.c:506  _al_score_display_settings       [   0.01788] Score is : 769
display  D   display_settings.c:191  debug_display_settings           [   0.01789] color: 32 (rgba 8880), depth: 24, stencil: 0, acc: 0000, samples: 0/0
display  D   display_settings.c:506  _al_score_display_settings       [   0.01791] Score is : 769
display  D   display_settings.c:191  debug_display_settings           [   0.01792] color: 32 (rgba 8880), depth: 24, stencil: 0, acc: 0000, samples: 2/1
display  D   display_settings.c:506  _al_score_display_settings       [   0.01793] Score is : 598
display  D   display_settings.c:191  debug_display_settings           [   0.01795] color: 32 (rgba 8880), depth: 24, stencil: 0, acc: 0000, samples: 3/1
display  D   display_settings.c:506  _al_score_display_settings       [   0.01796] Score is : 593
display  D   display_settings.c:191  debug_display_settings           [   0.01797] color: 32 (rgba 8880), depth: 24, stencil: 0, acc: 0000, samples: 4/1
display  D   display_settings.c:506  _al_score_display_settings       [   0.01799] Score is : 589
display  D   display_settings.c:191  debug_display_settings           [   0.01800] color: 32 (rgba 8880), depth: 24, stencil: 0, acc: 0000, samples: 5/1
display  D   display_settings.c:506  _al_score_display_settings       [   0.01802] Score is : 587
display  D   display_settings.c:191  debug_display_settings           [   0.01803] color: 32 (rgba 8880), depth: 24, stencil: 0, acc: 0000, samples: 6/1
display  D   display_settings.c:506  _al_score_display_settings       [   0.01805] Score is : 586
display  D   display_settings.c:191  debug_display_settings           [   0.01806] color: 32 (rgba 8880), depth: 24, stencil: 0, acc: 0000, samples: 7/1
display  D   display_settings.c:506  _al_score_display_settings       [   0.01807] Score is : 585
display  D   display_settings.c:191  debug_display_settings           [   0.01809] color: 32 (rgba 8880), depth: 24, stencil: 0, acc: 0000, samples: 8/1
display  D   display_settings.c:506  _al_score_display_settings       [   0.01810] Score is : 584
display  D   display_settings.c:191  debug_display_settings           [   0.01812] color: 32 (rgba 8880), depth: 16, stencil: 0, acc: 0000, samples: 0/0
display  D   display_settings.c:506  _al_score_display_settings       [   0.01813] Score is : 769
display  D   display_settings.c:191  debug_display_settings           [   0.01815] color: 32 (rgba 8880), depth: 16, stencil: 0, acc: 0000, samples: 0/0
display  D   display_settings.c:506  _al_score_display_settings       [   0.01816] Score is : 769
display  D   display_settings.c:191  debug_display_settings           [   0.01817] color: 32 (rgba 8880), depth: 16, stencil: 0, acc: 0000, samples: 2/1
display  D   display_settings.c:506  _al_score_display_settings       [   0.01820] Score is : 598
display  D   display_settings.c:191  debug_display_settings           [   0.01821] color: 32 (rgba 8880), depth: 16, stencil: 0, acc: 0000, samples: 3/1
display  D   display_settings.c:506  _al_score_display_settings       [   0.01823] Score is : 593
display  D   display_settings.c:191  debug_display_settings           [   0.01824] color: 32 (rgba 8880), depth: 16, stencil: 0, acc: 0000, samples: 4/1
display  D   display_settings.c:506  _al_score_display_settings       [   0.01825] Score is : 589
display  D   display_settings.c:191  debug_display_settings           [   0.01827] color: 32 (rgba 8880), depth: 16, stencil: 0, acc: 0000, samples: 5/1
display  D   display_settings.c:506  _al_score_display_settings       [   0.01828] Score is : 587
display  D   display_settings.c:191  debug_display_settings           [   0.01829] color: 32 (rgba 8880), depth: 16, stencil: 0, acc: 0000, samples: 6/1
display  D   display_settings.c:506  _al_score_display_settings       [   0.01831] Score is : 586
display  D   display_settings.c:191  debug_display_settings           [   0.01832] color: 32 (rgba 8880), depth: 16, stencil: 0, acc: 0000, samples: 7/1
display  D   display_settings.c:506  _al_score_display_settings       [   0.01834] Score is : 585
display  D   display_settings.c:191  debug_display_settings           [   0.01835] color: 32 (rgba 8880), depth: 16, stencil: 0, acc: 0000, samples: 8/1
display  D   display_settings.c:506  _al_score_display_settings       [   0.01836] Score is : 584
display  D   display_settings.c:191  debug_display_settings           [   0.01838] color: 16 (rgba 5650), depth: 0, stencil: 0, acc: 0000, samples: 0/0
display  D   display_settings.c:506  _al_score_display_settings       [   0.01839] Score is : 769
display  D   display_settings.c:191  debug_display_settings           [   0.01840] color: 16 (rgba 5650), depth: 0, stencil: 0, acc: 0000, samples: 0/0
display  D   display_settings.c:506  _al_score_display_settings       [   0.01842] Score is : 769
display  D   display_settings.c:191  debug_display_settings           [   0.01843] color: 16 (rgba 5650), depth: 0, stencil: 0, acc: 0000, samples: 2/1
display  D   display_settings.c:506  _al_score_display_settings       [   0.01845] Score is : 598
display  D   display_settings.c:191  debug_display_settings           [   0.01846] color: 16 (rgba 5650), depth: 0, stencil: 0, acc: 0000, samples: 3/1
display  D   display_settings.c:506  _al_score_display_settings       [   0.01847] Score is : 593
display  D   display_settings.c:191  debug_display_settings           [   0.01849] color: 16 (rgba 5650), depth: 0, stencil: 0, acc: 0000, samples: 4/1
display  D   display_settings.c:506  _al_score_display_settings       [   0.01850] Score is : 589
display  D   display_settings.c:191  debug_display_settings           [   0.01851] color: 16 (rgba 5650), depth: 0, stencil: 0, acc: 0000, samples: 5/1
display  D   display_settings.c:506  _al_score_display_settings       [   0.01853] Score is : 587
display  D   display_settings.c:191  debug_display_settings           [   0.01854] color: 16 (rgba 5650), depth: 0, stencil: 0, acc: 0000, samples: 6/1
display  D   display_settings.c:506  _al_score_display_settings       [   0.01856] Score is : 586
display  D   display_settings.c:191  debug_display_settings           [   0.01857] color: 16 (rgba 5650), depth: 0, stencil: 0, acc: 0000, samples: 7/1
display  D   display_settings.c:506  _al_score_display_settings       [   0.01859] Score is : 585
display  D   display_settings.c:191  debug_display_settings           [   0.01860] color: 16 (rgba 5650), depth: 0, stencil: 0, acc: 0000, samples: 8/1
display  D   display_settings.c:506  _al_score_display_settings       [   0.01862] Score is : 584
display  D   display_settings.c:191  debug_display_settings           [   0.01863] color: 16 (rgba 5650), depth: 24, stencil: 8, acc: 0000, samples: 0/0
display  D   display_settings.c:506  _al_score_display_settings       [   0.01864] Score is : 769
display  D   display_settings.c:191  debug_display_settings           [   0.01866] color: 16 (rgba 5650), depth: 24, stencil: 8, acc: 0000, samples: 0/0
display  D   display_settings.c:506  _al_score_display_settings       [   0.01867] Score is : 769
display  D   display_settings.c:191  debug_display_settings           [   0.01868] color: 16 (rgba 5650), depth: 24, stencil: 8, acc: 0000, samples: 2/1
display  D   display_settings.c:506  _al_score_display_settings       [   0.01870] Score is : 598
display  D   display_settings.c:191  debug_display_settings           [   0.01871] color: 16 (rgba 5650), depth: 24, stencil: 8, acc: 0000, samples: 3/1
display  D   display_settings.c:506  _al_score_display_settings       [   0.01873] Score is : 593
display  D   display_settings.c:191  debug_display_settings           [   0.01874] color: 16 (rgba 5650), depth: 24, stencil: 8, acc: 0000, samples: 4/1
display  D   display_settings.c:506  _al_score_display_settings       [   0.01875] Score is : 589
display  D   display_settings.c:191  debug_display_settings           [   0.01877] color: 16 (rgba 5650), depth: 24, stencil: 8, acc: 0000, samples: 5/1
display  D   display_settings.c:506  _al_score_display_settings       [   0.01879] Score is : 587
display  D   display_settings.c:191  debug_display_settings           [   0.01880] color: 16 (rgba 5650), depth: 24, stencil: 8, acc: 0000, samples: 6/1
display  D   display_settings.c:506  _al_score_display_settings       [   0.01882] Score is : 586
display  D   display_settings.c:191  debug_display_settings           [   0.01883] color: 16 (rgba 5650), depth: 24, stencil: 8, acc: 0000, samples: 7/1
display  D   display_settings.c:506  _al_score_display_settings       [   0.01884] Score is : 585
display  D   display_settings.c:191  debug_display_settings           [   0.01885] color: 16 (rgba 5650), depth: 24, stencil: 8, acc: 0000, samples: 8/1
display  D   display_settings.c:506  _al_score_display_settings       [   0.01887] Score is : 584
display  D   display_settings.c:191  debug_display_settings           [   0.01888] color: 16 (rgba 5650), depth: 24, stencil: 0, acc: 0000, samples: 0/0
display  D   display_settings.c:506  _al_score_display_settings       [   0.01890] Score is : 769
display  D   display_settings.c:191  debug_display_settings           [   0.01891] color: 16 (rgba 5650), depth: 24, stencil: 0, acc: 0000, samples: 0/0
display  D   display_settings.c:506  _al_score_display_settings       [   0.01892] Score is : 769
display  D   display_settings.c:191  debug_display_settings           [   0.01894] color: 16 (rgba 5650), depth: 24, stencil: 0, acc: 0000, samples: 2/1
display  D   display_settings.c:506  _al_score_display_settings       [   0.01895] Score is : 598
display  D   display_settings.c:191  debug_display_settings           [   0.01896] color: 16 (rgba 5650), depth: 24, stencil: 0, acc: 0000, samples: 3/1
display  D   display_settings.c:506  _al_score_display_settings       [   0.01898] Score is : 593
display  D   display_settings.c:191  debug_display_settings           [   0.01899] color: 16 (rgba 5650), depth: 24, stencil: 0, acc: 0000, samples: 4/1
display  D   display_settings.c:506  _al_score_display_settings       [   0.01900] Score is : 589
display  D   display_settings.c:191  debug_display_settings           [   0.01903] color: 16 (rgba 5650), depth: 24, stencil: 0, acc: 0000, samples: 5/1
display  D   display_settings.c:506  _al_score_display_settings       [   0.01905] Score is : 587
display  D   display_settings.c:191  debug_display_settings           [   0.01906] color: 16 (rgba 5650), depth: 24, stencil: 0, acc: 0000, samples: 6/1
display  D   display_settings.c:506  _al_score_display_settings       [   0.01908] Score is : 586
display  D   display_settings.c:191  debug_display_settings           [   0.01909] color: 16 (rgba 5650), depth: 24, stencil: 0, acc: 0000, samples: 7/1
display  D   display_settings.c:506  _al_score_display_settings       [   0.01911] Score is : 585
display  D   display_settings.c:191  debug_display_settings           [   0.01912] color: 16 (rgba 5650), depth: 24, stencil: 0, acc: 0000, samples: 8/1
display  D   display_settings.c:506  _al_score_display_settings       [   0.01913] Score is : 584
display  D   display_settings.c:191  debug_display_settings           [   0.01914] color: 16 (rgba 5650), depth: 16, stencil: 0, acc: 0000, samples: 0/0
display  D   display_settings.c:506  _al_score_display_settings       [   0.01916] Score is : 769
display  D   display_settings.c:191  debug_display_settings           [   0.01917] color: 16 (rgba 5650), depth: 16, stencil: 0, acc: 0000, samples: 0/0
display  D   display_settings.c:506  _al_score_display_settings       [   0.01919] Score is : 769
display  D   display_settings.c:191  debug_display_settings           [   0.01920] color: 16 (rgba 5650), depth: 16, stencil: 0, acc: 0000, samples: 2/1
display  D   display_settings.c:506  _al_score_display_settings       [   0.01921] Score is : 598
display  D   display_settings.c:191  debug_display_settings           [   0.01923] color: 16 (rgba 5650), depth: 16, stencil: 0, acc: 0000, samples: 3/1
display  D   display_settings.c:506  _al_score_display_settings       [   0.01924] Score is : 593
display  D   display_settings.c:191  debug_display_settings           [   0.01925] color: 16 (rgba 5650), depth: 16, stencil: 0, acc: 0000, samples: 4/1
display  D   display_settings.c:506  _al_score_display_settings       [   0.01927] Score is : 589
display  D   display_settings.c:191  debug_display_settings           [   0.01928] color: 16 (rgba 5650), depth: 16, stencil: 0, acc: 0000, samples: 5/1
display  D   display_settings.c:506  _al_score_display_settings       [   0.01929] Score is : 587
display  D   display_settings.c:191  debug_display_settings           [   0.01931] color: 16 (rgba 5650), depth: 16, stencil: 0, acc: 0000, samples: 6/1
display  D   display_settings.c:506  _al_score_display_settings       [   0.01932] Score is : 586
display  D   display_settings.c:191  debug_display_settings           [   0.01933] color: 16 (rgba 5650), depth: 16, stencil: 0, acc: 0000, samples: 7/1
display  D   display_settings.c:506  _al_score_display_settings       [   0.01935] Score is : 585
display  D   display_settings.c:191  debug_display_settings           [   0.01936] color: 16 (rgba 5650), depth: 16, stencil: 0, acc: 0000, samples: 8/1
display  D   display_settings.c:506  _al_score_display_settings       [   0.01937] Score is : 584
display  D   display_settings.c:191  debug_display_settings           [   0.01939] color: 32 (rgba 8880), depth: 0, stencil: 0, acc: 0000, samples: 0/0
display  D   display_settings.c:377  _al_score_display_settings       [   0.01940] Single Buffer requirement not met.
display  D   display_settings.c:191  debug_display_settings           [   0.01941] color: 32 (rgba 8880), depth: 0, stencil: 0, acc: 0000, samples: 0/0
display  D   display_settings.c:377  _al_score_display_settings       [   0.01943] Single Buffer requirement not met.
display  D   display_settings.c:191  debug_display_settings           [   0.01944] color: 32 (rgba 8880), depth: 0, stencil: 0, acc: 0000, samples: 2/1
display  D   display_settings.c:377  _al_score_display_settings       [   0.01945] Single Buffer requirement not met.
display  D   display_settings.c:191  debug_display_settings           [   0.01947] color: 32 (rgba 8880), depth: 0, stencil: 0, acc: 0000, samples: 3/1
display  D   display_settings.c:377  _al_score_display_settings       [   0.01948] Single Buffer requirement not met.
display  D   display_settings.c:191  debug_display_settings           [   0.01950] color: 32 (rgba 8880), depth: 0, stencil: 0, acc: 0000, samples: 4/1
display  D   display_settings.c:377  _al_score_display_settings       [   0.01951] Single Buffer requirement not met.
display  D   display_settings.c:191  debug_display_settings           [   0.01952] color: 32 (rgba 8880), depth: 0, stencil: 0, acc: 0000, samples: 5/1
display  D   display_settings.c:377  _al_score_display_settings       [   0.01954] Single Buffer requirement not met.
display  D   display_settings.c:191  debug_display_settings           [   0.01956] color: 32 (rgba 8880), depth: 0, stencil: 0, acc: 0000, samples: 6/1
display  D   display_settings.c:377  _al_score_display_settings       [   0.01958] Single Buffer requirement not met.
display  D   display_settings.c:191  debug_display_settings           [   0.01960] color: 32 (rgba 8880), depth: 0, stencil: 0, acc: 0000, samples: 7/1
display  D   display_settings.c:377  _al_score_display_settings       [   0.01961] Single Buffer requirement not met.
display  D   display_settings.c:191  debug_display_settings           [   0.01962] color: 32 (rgba 8880), depth: 0, stencil: 0, acc: 0000, samples: 8/1
display  D   display_settings.c:377  _al_score_display_settings       [   0.01964] Single Buffer requirement not met.
display  D   display_settings.c:191  debug_display_settings           [   0.01965] color: 32 (rgba 8880), depth: 24, stencil: 8, acc: 0000, samples: 0/0
display  D   display_settings.c:377  _al_score_display_settings       [   0.01967] Single Buffer requirement not met.
display  D   display_settings.c:191  debug_display_settings           [   0.01968] color: 32 (rgba 8880), depth: 24, stencil: 8, acc: 0000, samples: 0/0
display  D   display_settings.c:377  _al_score_display_settings       [   0.01970] Single Buffer requirement not met.
display  D   display_settings.c:191  debug_display_settings           [   0.01971] color: 32 (rgba 8880), depth: 24, stencil: 8, acc: 0000, samples: 2/1
display  D   display_settings.c:377  _al_score_display_settings       [   0.01973] Single Buffer requirement not met.
display  D   display_settings.c:191  debug_display_settings           [   0.01975] color: 32 (rgba 8880), depth: 24, stencil: 8, acc: 0000, samples: 3/1
display  D   display_settings.c:377  _al_score_display_settings       [   0.01976] Single Buffer requirement not met.
display  D   display_settings.c:191  debug_display_settings           [   0.01978] color: 32 (rgba 8880), depth: 24, stencil: 8, acc: 0000, samples: 4/1
display  D   display_settings.c:377  _al_score_display_settings       [   0.01979] Single Buffer requirement not met.
display  D   display_settings.c:191  debug_display_settings           [   0.01980] color: 32 (rgba 8880), depth: 24, stencil: 8, acc: 0000, samples: 5/1
display  D   display_settings.c:377  _al_score_display_settings       [   0.01982] Single Buffer requirement not met.
display  D   display_settings.c:191  debug_display_settings           [   0.01983] color: 32 (rgba 8880), depth: 24, stencil: 8, acc: 0000, samples: 6/1
display  D   display_settings.c:377  _al_score_display_settings       [   0.01985] Single Buffer requirement not met.
display  D   display_settings.c:191  debug_display_settings           [   0.01986] color: 32 (rgba 8880), depth: 24, stencil: 8, acc: 0000, samples: 7/1
display  D   display_settings.c:377  _al_score_display_settings       [   0.01987] Single Buffer requirement not met.
display  D   display_settings.c:191  debug_display_settings           [   0.01989] color: 32 (rgba 8880), depth: 24, stencil: 8, acc: 0000, samples: 8/1
display  D   display_settings.c:377  _al_score_display_settings       [   0.01990] Single Buffer requirement not met.
display  D   display_settings.c:191  debug_display_settings           [   0.01991] color: 32 (rgba 8880), depth: 24, stencil: 0, acc: 0000, samples: 0/0
display  D   display_settings.c:377  _al_score_display_settings       [   0.01993] Single Buffer requirement not met.
display  D   display_settings.c:191  debug_display_settings           [   0.01994] color: 32 (rgba 8880), depth: 24, stencil: 0, acc: 0000, samples: 0/0
display  D   display_settings.c:377  _al_score_display_settings       [   0.01996] Single Buffer requirement not met.
display  D   display_settings.c:191  debug_display_settings           [   0.01997] color: 32 (rgba 8880), depth: 24, stencil: 0, acc: 0000, samples: 2/1
display  D   display_settings.c:377  _al_score_display_settings       [   0.01998] Single Buffer requirement not met.
display  D   display_settings.c:191  debug_display_settings           [   0.02000] color: 32 (rgba 8880), depth: 24, stencil: 0, acc: 0000, samples: 3/1
display  D   display_settings.c:377  _al_score_display_settings       [   0.02001] Single Buffer requirement not met.
display  D   display_settings.c:191  debug_display_settings           [   0.02002] color: 32 (rgba 8880), depth: 24, stencil: 0, acc: 0000, samples: 4/1
display  D   display_settings.c:377  _al_score_display_settings       [   0.02004] Single Buffer requirement not met.
display  D   display_settings.c:191  debug_display_settings           [   0.02005] color: 32 (rgba 8880), depth: 24, stencil: 0, acc: 0000, samples: 5/1
display  D   display_settings.c:377  _al_score_display_settings       [   0.02007] Single Buffer requirement not met.
display  D   display_settings.c:191  debug_display_settings           [   0.02008] color: 32 (rgba 8880), depth: 24, stencil: 0, acc: 0000, samples: 6/1
display  D   display_settings.c:377  _al_score_display_settings       [   0.02009] Single Buffer requirement not met.
display  D   display_settings.c:191  debug_display_settings           [   0.02011] color: 32 (rgba 8880), depth: 24, stencil: 0, acc: 0000, samples: 7/1
display  D   display_settings.c:377  _al_score_display_settings       [   0.02012] Single Buffer requirement not met.
display  D   display_settings.c:191  debug_display_settings           [   0.02013] color: 32 (rgba 8880), depth: 24, stencil: 0, acc: 0000, samples: 8/1
display  D   display_settings.c:377  _al_score_display_settings       [   0.02015] Single Buffer requirement not met.
display  D   display_settings.c:191  debug_display_settings           [   0.02016] color: 32 (rgba 8880), depth: 16, stencil: 0, acc: 0000, samples: 0/0
display  D   display_settings.c:377  _al_score_display_settings       [   0.02018] Single Buffer requirement not met.
display  D   display_settings.c:191  debug_display_settings           [   0.02019] color: 32 (rgba 8880), depth: 16, stencil: 0, acc: 0000, samples: 0/0
display  D   display_settings.c:377  _al_score_display_settings       [   0.02020] Single Buffer requirement not met.
display  D   display_settings.c:191  debug_display_settings           [   0.02021] color: 32 (rgba 8880), depth: 16, stencil: 0, acc: 0000, samples: 2/1
display  D   display_settings.c:377  _al_score_display_settings       [   0.02023] Single Buffer requirement not met.
display  D   display_settings.c:191  debug_display_settings           [   0.02024] color: 32 (rgba 8880), depth: 16, stencil: 0, acc: 0000, samples: 3/1
display  D   display_settings.c:377  _al_score_display_settings       [   0.02026] Single Buffer requirement not met.
display  D   display_settings.c:191  debug_display_settings           [   0.02027] color: 32 (rgba 8880), depth: 16, stencil: 0, acc: 0000, samples: 4/1
display  D   display_settings.c:377  _al_score_display_settings       [   0.02028] Single Buffer requirement not met.
display  D   display_settings.c:191  debug_display_settings           [   0.02030] color: 32 (rgba 8880), depth: 16, stencil: 0, acc: 0000, samples: 5/1
display  D   display_settings.c:377  _al_score_display_settings       [   0.02031] Single Buffer requirement not met.
display  D   display_settings.c:191  debug_display_settings           [   0.02032] color: 32 (rgba 8880), depth: 16, stencil: 0, acc: 0000, samples: 6/1
display  D   display_settings.c:377  _al_score_display_settings       [   0.02034] Single Buffer requirement not met.
display  D   display_settings.c:191  debug_display_settings           [   0.02035] color: 32 (rgba 8880), depth: 16, stencil: 0, acc: 0000, samples: 7/1
display  D   display_settings.c:377  _al_score_display_settings       [   0.02037] Single Buffer requirement not met.
display  D   display_settings.c:191  debug_display_settings           [   0.02038] color: 32 (rgba 8880), depth: 16, stencil: 0, acc: 0000, samples: 8/1
display  D   display_settings.c:377  _al_score_display_settings       [   0.02039] Single Buffer requirement not met.
display  D   display_settings.c:191  debug_display_settings           [   0.02041] color: 16 (rgba 5650), depth: 0, stencil: 0, acc: 0000, samples: 0/0
display  D   display_settings.c:377  _al_score_display_settings       [   0.02042] Single Buffer requirement not met.
display  D   display_settings.c:191  debug_display_settings           [   0.02043] color: 16 (rgba 5650), depth: 0, stencil: 0, acc: 0000, samples: 0/0
display  D   display_settings.c:377  _al_score_display_settings       [   0.02045] Single Buffer requirement not met.
display  D   display_settings.c:191  debug_display_settings           [   0.02046] color: 16 (rgba 5650), depth: 0, stencil: 0, acc: 0000, samples: 2/1
display  D   display_settings.c:377  _al_score_display_settings       [   0.02048] Single Buffer requirement not met.
display  D   display_settings.c:191  debug_display_settings           [   0.02049] color: 16 (rgba 5650), depth: 0, stencil: 0, acc: 0000, samples: 3/1
display  D   display_settings.c:377  _al_score_display_settings       [   0.02050] Single Buffer requirement not met.
display  D   display_settings.c:191  debug_display_settings           [   0.02052] color: 16 (rgba 5650), depth: 0, stencil: 0, acc: 0000, samples: 4/1
display  D   display_settings.c:377  _al_score_display_settings       [   0.02053] Single Buffer requirement not met.
display  D   display_settings.c:191  debug_display_settings           [   0.02054] color: 16 (rgba 5650), depth: 0, stencil: 0, acc: 0000, samples: 5/1
display  D   display_settings.c:377  _al_score_display_settings       [   0.02057] Single Buffer requirement not met.
display  D   display_settings.c:191  debug_display_settings           [   0.02059] color: 16 (rgba 5650), depth: 0, stencil: 0, acc: 0000, samples: 6/1
display  D   display_settings.c:377  _al_score_display_settings       [   0.02061] Single Buffer requirement not met.
display  D   display_settings.c:191  debug_display_settings           [   0.02062] color: 16 (rgba 5650), depth: 0, stencil: 0, acc: 0000, samples: 7/1
display  D   display_settings.c:377  _al_score_display_settings       [   0.02064] Single Buffer requirement not met.
display  D   display_settings.c:191  debug_display_settings           [   0.02065] color: 16 (rgba 5650), depth: 0, stencil: 0, acc: 0000, samples: 8/1
display  D   display_settings.c:377  _al_score_display_settings       [   0.02068] Single Buffer requirement not met.
display  D   display_settings.c:191  debug_display_settings           [   0.02070] color: 16 (rgba 5650), depth: 24, stencil: 8, acc: 0000, samples: 0/0
display  D   display_settings.c:377  _al_score_display_settings       [   0.02071] Single Buffer requirement not met.
display  D   display_settings.c:191  debug_display_settings           [   0.02073] color: 16 (rgba 5650), depth: 24, stencil: 8, acc: 0000, samples: 0/0
display  D   display_settings.c:377  _al_score_display_settings       [   0.02074] Single Buffer requirement not met.
display  D   display_settings.c:191  debug_display_settings           [   0.02076] color: 16 (rgba 5650), depth: 24, stencil: 8, acc: 0000, samples: 2/1
display  D   display_settings.c:377  _al_score_display_settings       [   0.02077] Single Buffer requirement not met.
display  D   display_settings.c:191  debug_display_settings           [   0.02081] color: 16 (rgba 5650), depth: 24, stencil: 8, acc: 0000, samples: 3/1
display  D   display_settings.c:377  _al_score_display_settings       [   0.02082] Single Buffer requirement not met.
display  D   display_settings.c:191  debug_display_settings           [   0.02084] color: 16 (rgba 5650), depth: 24, stencil: 8, acc: 0000, samples: 4/1
display  D   display_settings.c:377  _al_score_display_settings       [   0.02085] Single Buffer requirement not met.
display  D   display_settings.c:191  debug_display_settings           [   0.02087] color: 16 (rgba 5650), depth: 24, stencil: 8, acc: 0000, samples: 5/1
display  D   display_settings.c:377  _al_score_display_settings       [   0.02088] Single Buffer requirement not met.
display  D   display_settings.c:191  debug_display_settings           [   0.02090] color: 16 (rgba 5650), depth: 24, stencil: 8, acc: 0000, samples: 6/1
display  D   display_settings.c:377  _al_score_display_settings       [   0.02091] Single Buffer requirement not met.
display  D   display_settings.c:191  debug_display_settings           [   0.02092] color: 16 (rgba 5650), depth: 24, stencil: 8, acc: 0000, samples: 7/1
display  D   display_settings.c:377  _al_score_display_settings       [   0.02094] Single Buffer requirement not met.
display  D   display_settings.c:191  debug_display_settings           [   0.02095] color: 16 (rgba 5650), depth: 24, stencil: 8, acc: 0000, samples: 8/1
display  D   display_settings.c:377  _al_score_display_settings       [   0.02097] Single Buffer requirement not met.
display  D   display_settings.c:191  debug_display_settings           [   0.02098] color: 16 (rgba 5650), depth: 24, stencil: 0, acc: 0000, samples: 0/0
display  D   display_settings.c:377  _al_score_display_settings       [   0.02100] Single Buffer requirement not met.
display  D   display_settings.c:191  debug_display_settings           [   0.02101] color: 16 (rgba 5650), depth: 24, stencil: 0, acc: 0000, samples: 0/0
display  D   display_settings.c:377  _al_score_display_settings       [   0.02102] Single Buffer requirement not met.
display  D   display_settings.c:191  debug_display_settings           [   0.02104] color: 16 (rgba 5650), depth: 24, stencil: 0, acc: 0000, samples: 2/1
display  D   display_settings.c:377  _al_score_display_settings       [   0.02105] Single Buffer requirement not met.
display  D   display_settings.c:191  debug_display_settings           [   0.02106] color: 16 (rgba 5650), depth: 24, stencil: 0, acc: 0000, samples: 3/1
display  D   display_settings.c:377  _al_score_display_settings       [   0.02108] Single Buffer requirement not met.
display  D   display_settings.c:191  debug_display_settings           [   0.02109] color: 16 (rgba 5650), depth: 24, stencil: 0, acc: 0000, samples: 4/1
display  D   display_settings.c:377  _al_score_display_settings       [   0.02111] Single Buffer requirement not met.
display  D   display_settings.c:191  debug_display_settings           [   0.02112] color: 16 (rgba 5650), depth: 24, stencil: 0, acc: 0000, samples: 5/1
display  D   display_settings.c:377  _al_score_display_settings       [   0.02114] Single Buffer requirement not met.
display  D   display_settings.c:191  debug_display_settings           [   0.02115] color: 16 (rgba 5650), depth: 24, stencil: 0, acc: 0000, samples: 6/1
display  D   display_settings.c:377  _al_score_display_settings       [   0.02116] Single Buffer requirement not met.
display  D   display_settings.c:191  debug_display_settings           [   0.02118] color: 16 (rgba 5650), depth: 24, stencil: 0, acc: 0000, samples: 7/1
display  D   display_settings.c:377  _al_score_display_settings       [   0.02119] Single Buffer requirement not met.
display  D   display_settings.c:191  debug_display_settings           [   0.02121] color: 16 (rgba 5650), depth: 24, stencil: 0, acc: 0000, samples: 8/1
display  D   display_settings.c:377  _al_score_display_settings       [   0.02122] Single Buffer requirement not met.
display  D   display_settings.c:191  debug_display_settings           [   0.02124] color: 16 (rgba 5650), depth: 16, stencil: 0, acc: 0000, samples: 0/0
display  D   display_settings.c:377  _al_score_display_settings       [   0.02125] Single Buffer requirement not met.
display  D   display_settings.c:191  debug_display_settings           [   0.02126] color: 16 (rgba 5650), depth: 16, stencil: 0, acc: 0000, samples: 0/0
display  D   display_settings.c:377  _al_score_display_settings       [   0.02128] Single Buffer requirement not met.
display  D   display_settings.c:191  debug_display_settings           [   0.02129] color: 16 (rgba 5650), depth: 16, stencil: 0, acc: 0000, samples: 2/1
display  D   display_settings.c:377  _al_score_display_settings       [   0.02131] Single Buffer requirement not met.
display  D   display_settings.c:191  debug_display_settings           [   0.02132] color: 16 (rgba 5650), depth: 16, stencil: 0, acc: 0000, samples: 3/1
display  D   display_settings.c:377  _al_score_display_settings       [   0.02134] Single Buffer requirement not met.
display  D   display_settings.c:191  debug_display_settings           [   0.02135] color: 16 (rgba 5650), depth: 16, stencil: 0, acc: 0000, samples: 4/1
display  D   display_settings.c:377  _al_score_display_settings       [   0.02137] Single Buffer requirement not met.
display  D   display_settings.c:191  debug_display_settings           [   0.02138] color: 16 (rgba 5650), depth: 16, stencil: 0, acc: 0000, samples: 5/1
display  D   display_settings.c:377  _al_score_display_settings       [   0.02139] Single Buffer requirement not met.
display  D   display_settings.c:191  debug_display_settings           [   0.02141] color: 16 (rgba 5650), depth: 16, stencil: 0, acc: 0000, samples: 6/1
display  D   display_settings.c:377  _al_score_display_settings       [   0.02142] Single Buffer requirement not met.
display  D   display_settings.c:191  debug_display_settings           [   0.02143] color: 16 (rgba 5650), depth: 16, stencil: 0, acc: 0000, samples: 7/1
display  D   display_settings.c:377  _al_score_display_settings       [   0.02145] Single Buffer requirement not met.
display  D   display_settings.c:191  debug_display_settings           [   0.02146] color: 16 (rgba 5650), depth: 16, stencil: 0, acc: 0000, samples: 8/1
display  D   display_settings.c:377  _al_score_display_settings       [   0.02148] Single Buffer requirement not met.
display  D   display_settings.c:191  debug_display_settings           [   0.02149] color: 32 (rgba 8880), depth: 0, stencil: 0, acc: 0000, samples: 0/0
display  D   display_settings.c:506  _al_score_display_settings       [   0.02151] Score is : 897
display  D   display_settings.c:191  debug_display_settings           [   0.02152] color: 32 (rgba 8880), depth: 0, stencil: 0, acc: 0000, samples: 0/0
display  D   display_settings.c:506  _al_score_display_settings       [   0.02153] Score is : 897
display  D   display_settings.c:191  debug_display_settings           [   0.02155] color: 32 (rgba 8880), depth: 0, stencil: 0, acc: 0000, samples: 2/1
display  D   display_settings.c:506  _al_score_display_settings       [   0.02156] Score is : 726
display  D   display_settings.c:191  debug_display_settings           [   0.02158] color: 32 (rgba 8880), depth: 0, stencil: 0, acc: 0000, samples: 3/1
display  D   display_settings.c:506  _al_score_display_settings       [   0.02159] Score is : 721
display  D   display_settings.c:191  debug_display_settings           [   0.02160] color: 32 (rgba 8880), depth: 0, stencil: 0, acc: 0000, samples: 4/1
display  D   display_settings.c:506  _al_score_display_settings       [   0.02162] Score is : 717
display  D   display_settings.c:191  debug_display_settings           [   0.02163] color: 32 (rgba 8880), depth: 0, stencil: 0, acc: 0000, samples: 5/1
display  D   display_settings.c:506  _al_score_display_settings       [   0.02165] Score is : 715
display  D   display_settings.c:191  debug_display_settings           [   0.02166] color: 32 (rgba 8880), depth: 0, stencil: 0, acc: 0000, samples: 6/1
display  D   display_settings.c:506  _al_score_display_settings       [   0.02168] Score is : 714
display  D   display_settings.c:191  debug_display_settings           [   0.02169] color: 32 (rgba 8880), depth: 0, stencil: 0, acc: 0000, samples: 7/1
display  D   display_settings.c:506  _al_score_display_settings       [   0.02170] Score is : 713
display  D   display_settings.c:191  debug_display_settings           [   0.02172] color: 32 (rgba 8880), depth: 0, stencil: 0, acc: 0000, samples: 8/1
display  D   display_settings.c:506  _al_score_display_settings       [   0.02173] Score is : 712
display  D   display_settings.c:191  debug_display_settings           [   0.02174] color: 32 (rgba 8880), depth: 24, stencil: 8, acc: 0000, samples: 0/0
display  D   display_settings.c:506  _al_score_display_settings       [   0.02176] Score is : 897
display  D   display_settings.c:191  debug_display_settings           [   0.02177] color: 32 (rgba 8880), depth: 24, stencil: 8, acc: 0000, samples: 0/0
display  D   display_settings.c:506  _al_score_display_settings       [   0.02179] Score is : 897
display  D   display_settings.c:191  debug_display_settings           [   0.02180] color: 32 (rgba 8880), depth: 24, stencil: 8, acc: 0000, samples: 2/1
display  D   display_settings.c:506  _al_score_display_settings       [   0.02182] Score is : 726
display  D   display_settings.c:191  debug_display_settings           [   0.02183] color: 32 (rgba 8880), depth: 24, stencil: 8, acc: 0000, samples: 3/1
display  D   display_settings.c:506  _al_score_display_settings       [   0.02184] Score is : 721
display  D   display_settings.c:191  debug_display_settings           [   0.02185] color: 32 (rgba 8880), depth: 24, stencil: 8, acc: 0000, samples: 4/1
display  D   display_settings.c:506  _al_score_display_settings       [   0.02187] Score is : 717
display  D   display_settings.c:191  debug_display_settings           [   0.02188] color: 32 (rgba 8880), depth: 24, stencil: 8, acc: 0000, samples: 5/1
display  D   display_settings.c:506  _al_score_display_settings       [   0.02190] Score is : 715
display  D   display_settings.c:191  debug_display_settings           [   0.02191] color: 32 (rgba 8880), depth: 24, stencil: 8, acc: 0000, samples: 6/1
display  D   display_settings.c:506  _al_score_display_settings       [   0.02192] Score is : 714
display  D   display_settings.c:191  debug_display_settings           [   0.02194] color: 32 (rgba 8880), depth: 24, stencil: 8, acc: 0000, samples: 7/1
display  D   display_settings.c:506  _al_score_display_settings       [   0.02195] Score is : 713
display  D   display_settings.c:191  debug_display_settings           [   0.02196] color: 32 (rgba 8880), depth: 24, stencil: 8, acc: 0000, samples: 8/1
display  D   display_settings.c:506  _al_score_display_settings       [   0.02198] Score is : 712
display  D   display_settings.c:191  debug_display_settings           [   0.02199] color: 32 (rgba 8880), depth: 24, stencil: 0, acc: 0000, samples: 0/0
display  D   display_settings.c:506  _al_score_display_settings       [   0.02201] Score is : 897
display  D   display_settings.c:191  debug_display_settings           [   0.02202] color: 32 (rgba 8880), depth: 24, stencil: 0, acc: 0000, samples: 0/0
display  D   display_settings.c:506  _al_score_display_settings       [   0.02203] Score is : 897
display  D   display_settings.c:191  debug_display_settings           [   0.02205] color: 32 (rgba 8880), depth: 24, stencil: 0, acc: 0000, samples: 2/1
display  D   display_settings.c:506  _al_score_display_settings       [   0.02206] Score is : 726
display  D   display_settings.c:191  debug_display_settings           [   0.02207] color: 32 (rgba 8880), depth: 24, stencil: 0, acc: 0000, samples: 3/1
display  D   display_settings.c:506  _al_score_display_settings       [   0.02209] Score is : 721
display  D   display_settings.c:191  debug_display_settings           [   0.02210] color: 32 (rgba 8880), depth: 24, stencil: 0, acc: 0000, samples: 4/1
display  D   display_settings.c:506  _al_score_display_settings       [   0.02212] Score is : 717
display  D   display_settings.c:191  debug_display_settings           [   0.02213] color: 32 (rgba 8880), depth: 24, stencil: 0, acc: 0000, samples: 5/1
display  D   display_settings.c:506  _al_score_display_settings       [   0.02215] Score is : 715
display  D   display_settings.c:191  debug_display_settings           [   0.02216] color: 32 (rgba 8880), depth: 24, stencil: 0, acc: 0000, samples: 6/1
display  D   display_settings.c:506  _al_score_display_settings       [   0.02217] Score is : 714
display  D   display_settings.c:191  debug_display_settings           [   0.02219] color: 32 (rgba 8880), depth: 24, stencil: 0, acc: 0000, samples: 7/1
display  D   display_settings.c:506  _al_score_display_settings       [   0.02220] Score is : 713
display  D   display_settings.c:191  debug_display_settings           [   0.02222] color: 32 (rgba 8880), depth: 24, stencil: 0, acc: 0000, samples: 8/1
display  D   display_settings.c:506  _al_score_display_settings       [   0.02223] Score is : 712
display  D   display_settings.c:191  debug_display_settings           [   0.02224] color: 32 (rgba 8880), depth: 16, stencil: 0, acc: 0000, samples: 0/0
display  D   display_settings.c:506  _al_score_display_settings       [   0.02226] Score is : 897
display  D   display_settings.c:191  debug_display_settings           [   0.02227] color: 32 (rgba 8880), depth: 16, stencil: 0, acc: 0000, samples: 0/0
display  D   display_settings.c:506  _al_score_display_settings       [   0.02229] Score is : 897
display  D   display_settings.c:191  debug_display_settings           [   0.02230] color: 32 (rgba 8880), depth: 16, stencil: 0, acc: 0000, samples: 2/1
display  D   display_settings.c:506  _al_score_display_settings       [   0.02231] Score is : 726
display  D   display_settings.c:191  debug_display_settings           [   0.02233] color: 32 (rgba 8880), depth: 16, stencil: 0, acc: 0000, samples: 3/1
display  D   display_settings.c:506  _al_score_display_settings       [   0.02234] Score is : 721
display  D   display_settings.c:191  debug_display_settings           [   0.02235] color: 32 (rgba 8880), depth: 16, stencil: 0, acc: 0000, samples: 4/1
display  D   display_settings.c:506  _al_score_display_settings       [   0.02237] Score is : 717
display  D   display_settings.c:191  debug_display_settings           [   0.02238] color: 32 (rgba 8880), depth: 16, stencil: 0, acc: 0000, samples: 5/1
display  D   display_settings.c:506  _al_score_display_settings       [   0.02240] Score is : 715
display  D   display_settings.c:191  debug_display_settings           [   0.02241] color: 32 (rgba 8880), depth: 16, stencil: 0, acc: 0000, samples: 6/1
display  D   display_settings.c:506  _al_score_display_settings       [   0.02242] Score is : 714
display  D   display_settings.c:191  debug_display_settings           [   0.02244] color: 32 (rgba 8880), depth: 16, stencil: 0, acc: 0000, samples: 7/1
display  D   display_settings.c:506  _al_score_display_settings       [   0.02245] Score is : 713
display  D   display_settings.c:191  debug_display_settings           [   0.02246] color: 32 (rgba 8880), depth: 16, stencil: 0, acc: 0000, samples: 8/1
display  D   display_settings.c:506  _al_score_display_settings       [   0.02248] Score is : 712
display  D   display_settings.c:191  debug_display_settings           [   0.02249] color: 16 (rgba 5650), depth: 0, stencil: 0, acc: 0000, samples: 0/0
display  D   display_settings.c:506  _al_score_display_settings       [   0.02251] Score is : 897
display  D   display_settings.c:191  debug_display_settings           [   0.02252] color: 16 (rgba 5650), depth: 0, stencil: 0, acc: 0000, samples: 0/0
display  D   display_settings.c:506  _al_score_display_settings       [   0.02254] Score is : 897
display  D   display_settings.c:191  debug_display_settings           [   0.02255] color: 16 (rgba 5650), depth: 0, stencil: 0, acc: 0000, samples: 2/1
display  D   display_settings.c:506  _al_score_display_settings       [   0.02256] Score is : 726
display  D   display_settings.c:191  debug_display_settings           [   0.02258] color: 16 (rgba 5650), depth: 0, stencil: 0, acc: 0000, samples: 3/1
display  D   display_settings.c:506  _al_score_display_settings       [   0.02259] Score is : 721
display  D   display_settings.c:191  debug_display_settings           [   0.02261] color: 16 (rgba 5650), depth: 0, stencil: 0, acc: 0000, samples: 4/1
display  D   display_settings.c:506  _al_score_display_settings       [   0.02262] Score is : 717
display  D   display_settings.c:191  debug_display_settings           [   0.02263] color: 16 (rgba 5650), depth: 0, stencil: 0, acc: 0000, samples: 5/1
display  D   display_settings.c:506  _al_score_display_settings       [   0.02265] Score is : 715
display  D   display_settings.c:191  debug_display_settings           [   0.02266] color: 16 (rgba 5650), depth: 0, stencil: 0, acc: 0000, samples: 6/1
display  D   display_settings.c:506  _al_score_display_settings       [   0.02268] Score is : 714
display  D   display_settings.c:191  debug_display_settings           [   0.02269] color: 16 (rgba 5650), depth: 0, stencil: 0, acc: 0000, samples: 7/1
display  D   display_settings.c:506  _al_score_display_settings       [   0.02270] Score is : 713
display  D   display_settings.c:191  debug_display_settings           [   0.02272] color: 16 (rgba 5650), depth: 0, stencil: 0, acc: 0000, samples: 8/1
display  D   display_settings.c:506  _al_score_display_settings       [   0.02273] Score is : 712
display  D   display_settings.c:191  debug_display_settings           [   0.02274] color: 16 (rgba 5650), depth: 24, stencil: 8, acc: 0000, samples: 0/0
display  D   display_settings.c:506  _al_score_display_settings       [   0.02276] Score is : 897
display  D   display_settings.c:191  debug_display_settings           [   0.02277] color: 16 (rgba 5650), depth: 24, stencil: 8, acc: 0000, samples: 0/0
display  D   display_settings.c:506  _al_score_display_settings       [   0.02279] Score is : 897
display  D   display_settings.c:191  debug_display_settings           [   0.02280] color: 16 (rgba 5650), depth: 24, stencil: 8, acc: 0000, samples: 2/1
display  D   display_settings.c:506  _al_score_display_settings       [   0.02282] Score is : 726
display  D   display_settings.c:191  debug_display_settings           [   0.02283] color: 16 (rgba 5650), depth: 24, stencil: 8, acc: 0000, samples: 3/1
display  D   display_settings.c:506  _al_score_display_settings       [   0.02284] Score is : 721
display  D   display_settings.c:191  debug_display_settings           [   0.02285] color: 16 (rgba 5650), depth: 24, stencil: 8, acc: 0000, samples: 4/1
display  D   display_settings.c:506  _al_score_display_settings       [   0.02287] Score is : 717
display  D   display_settings.c:191  debug_display_settings           [   0.02288] color: 16 (rgba 5650), depth: 24, stencil: 8, acc: 0000, samples: 5/1
display  D   display_settings.c:506  _al_score_display_settings       [   0.02290] Score is : 715
display  D   display_settings.c:191  debug_display_settings           [   0.02291] color: 16 (rgba 5650), depth: 24, stencil: 8, acc: 0000, samples: 6/1
display  D   display_settings.c:506  _al_score_display_settings       [   0.02293] Score is : 714
display  D   display_settings.c:191  debug_display_settings           [   0.02294] color: 16 (rgba 5650), depth: 24, stencil: 8, acc: 0000, samples: 7/1
display  D   display_settings.c:506  _al_score_display_settings       [   0.02295] Score is : 713
display  D   display_settings.c:191  debug_display_settings           [   0.02297] color: 16 (rgba 5650), depth: 24, stencil: 8, acc: 0000, samples: 8/1
display  D   display_settings.c:506  _al_score_display_settings       [   0.02298] Score is : 712
display  D   display_settings.c:191  debug_display_settings           [   0.02299] color: 16 (rgba 5650), depth: 24, stencil: 0, acc: 0000, samples: 0/0
display  D   display_settings.c:506  _al_score_display_settings       [   0.02301] Score is : 897
display  D   display_settings.c:191  debug_display_settings           [   0.02302] color: 16 (rgba 5650), depth: 24, stencil: 0, acc: 0000, samples: 0/0
display  D   display_settings.c:506  _al_score_display_settings       [   0.02304] Score is : 897
display  D   display_settings.c:191  debug_display_settings           [   0.02305] color: 16 (rgba 5650), depth: 24, stencil: 0, acc: 0000, samples: 2/1
display  D   display_settings.c:506  _al_score_display_settings       [   0.02307] Score is : 726
display  D   display_settings.c:191  debug_display_settings           [   0.02308] color: 16 (rgba 5650), depth: 24, stencil: 0, acc: 0000, samples: 3/1
display  D   display_settings.c:506  _al_score_display_settings       [   0.02309] Score is : 721
display  D   display_settings.c:191  debug_display_settings           [   0.02311] color: 16 (rgba 5650), depth: 24, stencil: 0, acc: 0000, samples: 4/1
display  D   display_settings.c:506  _al_score_display_settings       [   0.02312] Score is : 717
display  D   display_settings.c:191  debug_display_settings           [   0.02313] color: 16 (rgba 5650), depth: 24, stencil: 0, acc: 0000, samples: 5/1
display  D   display_settings.c:506  _al_score_display_settings       [   0.02315] Score is : 715
display  D   display_settings.c:191  debug_display_settings           [   0.02316] color: 16 (rgba 5650), depth: 24, stencil: 0, acc: 0000, samples: 6/1
display  D   display_settings.c:506  _al_score_display_settings       [   0.02318] Score is : 714
display  D   display_settings.c:191  debug_display_settings           [   0.02319] color: 16 (rgba 5650), depth: 24, stencil: 0, acc: 0000, samples: 7/1
display  D   display_settings.c:506  _al_score_display_settings       [   0.02320] Score is : 713
display  D   display_settings.c:191  debug_display_settings           [   0.02322] color: 16 (rgba 5650), depth: 24, stencil: 0, acc: 0000, samples: 8/1
display  D   display_settings.c:506  _al_score_display_settings       [   0.02323] Score is : 712
display  D   display_settings.c:191  debug_display_settings           [   0.02324] color: 16 (rgba 5650), depth: 16, stencil: 0, acc: 0000, samples: 0/0
display  D   display_settings.c:506  _al_score_display_settings       [   0.02326] Score is : 897
display  D   display_settings.c:191  debug_display_settings           [   0.02327] color: 16 (rgba 5650), depth: 16, stencil: 0, acc: 0000, samples: 0/0
display  D   display_settings.c:506  _al_score_display_settings       [   0.02329] Score is : 897
display  D   display_settings.c:191  debug_display_settings           [   0.02330] color: 16 (rgba 5650), depth: 16, stencil: 0, acc: 0000, samples: 2/1
display  D   display_settings.c:506  _al_score_display_settings       [   0.02332] Score is : 726
display  D   display_settings.c:191  debug_display_settings           [   0.02333] color: 16 (rgba 5650), depth: 16, stencil: 0, acc: 0000, samples: 3/1
display  D   display_settings.c:506  _al_score_display_settings       [   0.02334] Score is : 721
display  D   display_settings.c:191  debug_display_settings           [   0.02336] color: 16 (rgba 5650), depth: 16, stencil: 0, acc: 0000, samples: 4/1
display  D   display_settings.c:506  _al_score_display_settings       [   0.02337] Score is : 717
display  D   display_settings.c:191  debug_display_settings           [   0.02338] color: 16 (rgba 5650), depth: 16, stencil: 0, acc: 0000, samples: 5/1
display  D   display_settings.c:506  _al_score_display_settings       [   0.02340] Score is : 715
display  D   display_settings.c:191  debug_display_settings           [   0.02341] color: 16 (rgba 5650), depth: 16, stencil: 0, acc: 0000, samples: 6/1
display  D   display_settings.c:506  _al_score_display_settings       [   0.02343] Score is : 714
display  D   display_settings.c:191  debug_display_settings           [   0.02344] color: 16 (rgba 5650), depth: 16, stencil: 0, acc: 0000, samples: 7/1
display  D   display_settings.c:506  _al_score_display_settings       [   0.02345] Score is : 713
display  D   display_settings.c:191  debug_display_settings           [   0.02347] color: 16 (rgba 5650), depth: 16, stencil: 0, acc: 0000, samples: 8/1
display  D   display_settings.c:506  _al_score_display_settings       [   0.02348] Score is : 712
display  D   display_settings.c:191  debug_display_settings           [   0.02350] color: 32 (rgba 8880), depth: 0, stencil: 0, acc: 0000, samples: 0/0
display  D   display_settings.c:377  _al_score_display_settings       [   0.02351] Single Buffer requirement not met.
display  D   display_settings.c:191  debug_display_settings           [   0.02353] color: 32 (rgba 8880), depth: 0, stencil: 0, acc: 0000, samples: 0/0
display  D   display_settings.c:377  _al_score_display_settings       [   0.02354] Single Buffer requirement not met.
display  D   display_settings.c:191  debug_display_settings           [   0.02355] color: 32 (rgba 8880), depth: 0, stencil: 0, acc: 0000, samples: 2/1
display  D   display_settings.c:377  _al_score_display_settings       [   0.02357] Single Buffer requirement not met.
display  D   display_settings.c:191  debug_display_settings           [   0.02358] color: 32 (rgba 8880), depth: 0, stencil: 0, acc: 0000, samples: 3/1
display  D   display_settings.c:377  _al_score_display_settings       [   0.02360] Single Buffer requirement not met.
display  D   display_settings.c:191  debug_display_settings           [   0.02361] color: 32 (rgba 8880), depth: 0, stencil: 0, acc: 0000, samples: 4/1
display  D   display_settings.c:377  _al_score_display_settings       [   0.02363] Single Buffer requirement not met.
display  D   display_settings.c:191  debug_display_settings           [   0.02364] color: 32 (rgba 8880), depth: 0, stencil: 0, acc: 0000, samples: 5/1
display  D   display_settings.c:377  _al_score_display_settings       [   0.02365] Single Buffer requirement not met.
display  D   display_settings.c:191  debug_display_settings           [   0.02367] color: 32 (rgba 8880), depth: 0, stencil: 0, acc: 0000, samples: 6/1
display  D   display_settings.c:377  _al_score_display_settings       [   0.02368] Single Buffer requirement not met.
display  D   display_settings.c:191  debug_display_settings           [   0.02369] color: 32 (rgba 8880), depth: 0, stencil: 0, acc: 0000, samples: 7/1
display  D   display_settings.c:377  _al_score_display_settings       [   0.02371] Single Buffer requirement not met.
display  D   display_settings.c:191  debug_display_settings           [   0.02372] color: 32 (rgba 8880), depth: 0, stencil: 0, acc: 0000, samples: 8/1
display  D   display_settings.c:377  _al_score_display_settings       [   0.02374] Single Buffer requirement not met.
display  D   display_settings.c:191  debug_display_settings           [   0.02375] color: 32 (rgba 8880), depth: 24, stencil: 8, acc: 0000, samples: 0/0
display  D   display_settings.c:377  _al_score_display_settings       [   0.02376] Single Buffer requirement not met.
display  D   display_settings.c:191  debug_display_settings           [   0.02378] color: 32 (rgba 8880), depth: 24, stencil: 8, acc: 0000, samples: 0/0
display  D   display_settings.c:377  _al_score_display_settings       [   0.02379] Single Buffer requirement not met.
display  D   display_settings.c:191  debug_display_settings           [   0.02381] color: 32 (rgba 8880), depth: 24, stencil: 8, acc: 0000, samples: 2/1
display  D   display_settings.c:377  _al_score_display_settings       [   0.02382] Single Buffer requirement not met.
display  D   display_settings.c:191  debug_display_settings           [   0.02384] color: 32 (rgba 8880), depth: 24, stencil: 8, acc: 0000, samples: 3/1
display  D   display_settings.c:377  _al_score_display_settings       [   0.02385] Single Buffer requirement not met.
display  D   display_settings.c:191  debug_display_settings           [   0.02386] color: 32 (rgba 8880), depth: 24, stencil: 8, acc: 0000, samples: 4/1
display  D   display_settings.c:377  _al_score_display_settings       [   0.02388] Single Buffer requirement not met.
display  D   display_settings.c:191  debug_display_settings           [   0.02389] color: 32 (rgba 8880), depth: 24, stencil: 8, acc: 0000, samples: 5/1
display  D   display_settings.c:377  _al_score_display_settings       [   0.02391] Single Buffer requirement not met.
display  D   display_settings.c:191  debug_display_settings           [   0.02392] color: 32 (rgba 8880), depth: 24, stencil: 8, acc: 0000, samples: 6/1
display  D   display_settings.c:377  _al_score_display_settings       [   0.02394] Single Buffer requirement not met.
display  D   display_settings.c:191  debug_display_settings           [   0.02395] color: 32 (rgba 8880), depth: 24, stencil: 8, acc: 0000, samples: 7/1
display  D   display_settings.c:377  _al_score_display_settings       [   0.02397] Single Buffer requirement not met.
display  D   display_settings.c:191  debug_display_settings           [   0.02398] color: 32 (rgba 8880), depth: 24, stencil: 8, acc: 0000, samples: 8/1
display  D   display_settings.c:377  _al_score_display_settings       [   0.02399] Single Buffer requirement not met.
display  D   display_settings.c:191  debug_display_settings           [   0.02401] color: 32 (rgba 8880), depth: 24, stencil: 0, acc: 0000, samples: 0/0
display  D   display_settings.c:377  _al_score_display_settings       [   0.02402] Single Buffer requirement not met.
display  D   display_settings.c:191  debug_display_settings           [   0.02403] color: 32 (rgba 8880), depth: 24, stencil: 0, acc: 0000, samples: 0/0
display  D   display_settings.c:377  _al_score_display_settings       [   0.02405] Single Buffer requirement not met.
display  D   display_settings.c:191  debug_display_settings           [   0.02406] color: 32 (rgba 8880), depth: 24, stencil: 0, acc: 0000, samples: 2/1
display  D   display_settings.c:377  _al_score_display_settings       [   0.02408] Single Buffer requirement not met.
display  D   display_settings.c:191  debug_display_settings           [   0.02409] color: 32 (rgba 8880), depth: 24, stencil: 0, acc: 0000, samples: 3/1
display  D   display_settings.c:377  _al_score_display_settings       [   0.02411] Single Buffer requirement not met.
display  D   display_settings.c:191  debug_display_settings           [   0.02412] color: 32 (rgba 8880), depth: 24, stencil: 0, acc: 0000, samples: 4/1
display  D   display_settings.c:377  _al_score_display_settings       [   0.02413] Single Buffer requirement not met.
display  D   display_settings.c:191  debug_display_settings           [   0.02415] color: 32 (rgba 8880), depth: 24, stencil: 0, acc: 0000, samples: 5/1
display  D   display_settings.c:377  _al_score_display_settings       [   0.02416] Single Buffer requirement not met.
display  D   display_settings.c:191  debug_display_settings           [   0.02418] color: 32 (rgba 8880), depth: 24, stencil: 0, acc: 0000, samples: 6/1
display  D   display_settings.c:377  _al_score_display_settings       [   0.02419] Single Buffer requirement not met.
display  D   display_settings.c:191  debug_display_settings           [   0.02420] color: 32 (rgba 8880), depth: 24, stencil: 0, acc: 0000, samples: 7/1
display  D   display_settings.c:377  _al_score_display_settings       [   0.02422] Single Buffer requirement not met.
display  D   display_settings.c:191  debug_display_settings           [   0.02423] color: 32 (rgba 8880), depth: 24, stencil: 0, acc: 0000, samples: 8/1
display  D   display_settings.c:377  _al_score_display_settings       [   0.02425] Single Buffer requirement not met.
display  D   display_settings.c:191  debug_display_settings           [   0.02426] color: 32 (rgba 8880), depth: 16, stencil: 0, acc: 0000, samples: 0/0
display  D   display_settings.c:377  _al_score_display_settings       [   0.02428] Single Buffer requirement not met.
display  D   display_settings.c:191  debug_display_settings           [   0.02429] color: 32 (rgba 8880), depth: 16, stencil: 0, acc: 0000, samples: 0/0
display  D   display_settings.c:377  _al_score_display_settings       [   0.02430] Single Buffer requirement not met.
display  D   display_settings.c:191  debug_display_settings           [   0.02432] color: 32 (rgba 8880), depth: 16, stencil: 0, acc: 0000, samples: 2/1
display  D   display_settings.c:377  _al_score_display_settings       [   0.02435] Single Buffer requirement not met.
display  D   display_settings.c:191  debug_display_settings           [   0.02436] color: 32 (rgba 8880), depth: 16, stencil: 0, acc: 0000, samples: 3/1
display  D   display_settings.c:377  _al_score_display_settings       [   0.02438] Single Buffer requirement not met.
display  D   display_settings.c:191  debug_display_settings           [   0.02439] color: 32 (rgba 8880), depth: 16, stencil: 0, acc: 0000, samples: 4/1
display  D   display_settings.c:377  _al_score_display_settings       [   0.02441] Single Buffer requirement not met.
display  D   display_settings.c:191  debug_display_settings           [   0.02442] color: 32 (rgba 8880), depth: 16, stencil: 0, acc: 0000, samples: 5/1
display  D   display_settings.c:377  _al_score_display_settings       [   0.02443] Single Buffer requirement not met.
display  D   display_settings.c:191  debug_display_settings           [   0.02445] color: 32 (rgba 8880), depth: 16, stencil: 0, acc: 0000, samples: 6/1
display  D   display_settings.c:377  _al_score_display_settings       [   0.02446] Single Buffer requirement not met.
display  D   display_settings.c:191  debug_display_settings           [   0.02447] color: 32 (rgba 8880), depth: 16, stencil: 0, acc: 0000, samples: 7/1
display  D   display_settings.c:377  _al_score_display_settings       [   0.02449] Single Buffer requirement not met.
display  D   display_settings.c:191  debug_display_settings           [   0.02450] color: 32 (rgba 8880), depth: 16, stencil: 0, acc: 0000, samples: 8/1
display  D   display_settings.c:377  _al_score_display_settings       [   0.02452] Single Buffer requirement not met.
display  D   display_settings.c:191  debug_display_settings           [   0.02453] color: 16 (rgba 5650), depth: 0, stencil: 0, acc: 0000, samples: 0/0
display  D   display_settings.c:377  _al_score_display_settings       [   0.02455] Single Buffer requirement not met.
display  D   display_settings.c:191  debug_display_settings           [   0.02456] color: 16 (rgba 5650), depth: 0, stencil: 0, acc: 0000, samples: 0/0
display  D   display_settings.c:377  _al_score_display_settings       [   0.02458] Single Buffer requirement not met.
display  D   display_settings.c:191  debug_display_settings           [   0.02459] color: 16 (rgba 5650), depth: 0, stencil: 0, acc: 0000, samples: 2/1
display  D   display_settings.c:377  _al_score_display_settings       [   0.02460] Single Buffer requirement not met.
display  D   display_settings.c:191  debug_display_settings           [   0.02462] color: 16 (rgba 5650), depth: 0, stencil: 0, acc: 0000, samples: 3/1
display  D   display_settings.c:377  _al_score_display_settings       [   0.02463] Single Buffer requirement not met.
display  D   display_settings.c:191  debug_display_settings           [   0.02464] color: 16 (rgba 5650), depth: 0, stencil: 0, acc: 0000, samples: 4/1
display  D   display_settings.c:377  _al_score_display_settings       [   0.02466] Single Buffer requirement not met.
display  D   display_settings.c:191  debug_display_settings           [   0.02467] color: 16 (rgba 5650), depth: 0, stencil: 0, acc: 0000, samples: 5/1
display  D   display_settings.c:377  _al_score_display_settings       [   0.02469] Single Buffer requirement not met.
display  D   display_settings.c:191  debug_display_settings           [   0.02470] color: 16 (rgba 5650), depth: 0, stencil: 0, acc: 0000, samples: 6/1
display  D   display_settings.c:377  _al_score_display_settings       [   0.02472] Single Buffer requirement not met.
display  D   display_settings.c:191  debug_display_settings           [   0.02473] color: 16 (rgba 5650), depth: 0, stencil: 0, acc: 0000, samples: 7/1
display  D   display_settings.c:377  _al_score_display_settings       [   0.02474] Single Buffer requirement not met.
display  D   display_settings.c:191  debug_display_settings           [   0.02476] color: 16 (rgba 5650), depth: 0, stencil: 0, acc: 0000, samples: 8/1
display  D   display_settings.c:377  _al_score_display_settings       [   0.02477] Single Buffer requirement not met.
display  D   display_settings.c:191  debug_display_settings           [   0.02479] color: 16 (rgba 5650), depth: 24, stencil: 8, acc: 0000, samples: 0/0
display  D   display_settings.c:377  _al_score_display_settings       [   0.02480] Single Buffer requirement not met.
display  D   display_settings.c:191  debug_display_settings           [   0.02482] color: 16 (rgba 5650), depth: 24, stencil: 8, acc: 0000, samples: 0/0
display  D   display_settings.c:377  _al_score_display_settings       [   0.02483] Single Buffer requirement not met.
display  D   display_settings.c:191  debug_display_settings           [   0.02484] color: 16 (rgba 5650), depth: 24, stencil: 8, acc: 0000, samples: 2/1
display  D   display_settings.c:377  _al_score_display_settings       [   0.02486] Single Buffer requirement not met.
display  D   display_settings.c:191  debug_display_settings           [   0.02487] color: 16 (rgba 5650), depth: 24, stencil: 8, acc: 0000, samples: 3/1
display  D   display_settings.c:377  _al_score_display_settings       [   0.02489] Single Buffer requirement not met.
display  D   display_settings.c:191  debug_display_settings           [   0.02490] color: 16 (rgba 5650), depth: 24, stencil: 8, acc: 0000, samples: 4/1
display  D   display_settings.c:377  _al_score_display_settings       [   0.02492] Single Buffer requirement not met.
display  D   display_settings.c:191  debug_display_settings           [   0.02493] color: 16 (rgba 5650), depth: 24, stencil: 8, acc: 0000, samples: 5/1
display  D   display_settings.c:377  _al_score_display_settings       [   0.02494] Single Buffer requirement not met.
display  D   display_settings.c:191  debug_display_settings           [   0.02496] color: 16 (rgba 5650), depth: 24, stencil: 8, acc: 0000, samples: 6/1
display  D   display_settings.c:377  _al_score_display_settings       [   0.02497] Single Buffer requirement not met.
display  D   display_settings.c:191  debug_display_settings           [   0.02499] color: 16 (rgba 5650), depth: 24, stencil: 8, acc: 0000, samples: 7/1
display  D   display_settings.c:377  _al_score_display_settings       [   0.02500] Single Buffer requirement not met.
display  D   display_settings.c:191  debug_display_settings           [   0.02501] color: 16 (rgba 5650), depth: 24, stencil: 8, acc: 0000, samples: 8/1
display  D   display_settings.c:377  _al_score_display_settings       [   0.02503] Single Buffer requirement not met.
display  D   display_settings.c:191  debug_display_settings           [   0.02504] color: 16 (rgba 5650), depth: 24, stencil: 0, acc: 0000, samples: 0/0
display  D   display_settings.c:377  _al_score_display_settings       [   0.02506] Single Buffer requirement not met.
display  D   display_settings.c:191  debug_display_settings           [   0.02507] color: 16 (rgba 5650), depth: 24, stencil: 0, acc: 0000, samples: 0/0
display  D   display_settings.c:377  _al_score_display_settings       [   0.02509] Single Buffer requirement not met.
display  D   display_settings.c:191  debug_display_settings           [   0.02510] color: 16 (rgba 5650), depth: 24, stencil: 0, acc: 0000, samples: 2/1
display  D   display_settings.c:377  _al_score_display_settings       [   0.02511] Single Buffer requirement not met.
display  D   display_settings.c:191  debug_display_settings           [   0.02513] color: 16 (rgba 5650), depth: 24, stencil: 0, acc: 0000, samples: 3/1
display  D   display_settings.c:377  _al_score_display_settings       [   0.02514] Single Buffer requirement not met.
display  D   display_settings.c:191  debug_display_settings           [   0.02515] color: 16 (rgba 5650), depth: 24, stencil: 0, acc: 0000, samples: 4/1
display  D   display_settings.c:377  _al_score_display_settings       [   0.02517] Single Buffer requirement not met.
display  D   display_settings.c:191  debug_display_settings           [   0.02518] color: 16 (rgba 5650), depth: 24, stencil: 0, acc: 0000, samples: 5/1
display  D   display_settings.c:377  _al_score_display_settings       [   0.02520] Single Buffer requirement not met.
display  D   display_settings.c:191  debug_display_settings           [   0.02521] color: 16 (rgba 5650), depth: 24, stencil: 0, acc: 0000, samples: 6/1
display  D   display_settings.c:377  _al_score_display_settings       [   0.02523] Single Buffer requirement not met.
display  D   display_settings.c:191  debug_display_settings           [   0.02524] color: 16 (rgba 5650), depth: 24, stencil: 0, acc: 0000, samples: 7/1
display  D   display_settings.c:377  _al_score_display_settings       [   0.02525] Single Buffer requirement not met.
display  D   display_settings.c:191  debug_display_settings           [   0.02527] color: 16 (rgba 5650), depth: 24, stencil: 0, acc: 0000, samples: 8/1
display  D   display_settings.c:377  _al_score_display_settings       [   0.02528] Single Buffer requirement not met.
display  D   display_settings.c:191  debug_display_settings           [   0.02530] color: 16 (rgba 5650), depth: 16, stencil: 0, acc: 0000, samples: 0/0
display  D   display_settings.c:377  _al_score_display_settings       [   0.02531] Single Buffer requirement not met.
display  D   display_settings.c:191  debug_display_settings           [   0.02532] color: 16 (rgba 5650), depth: 16, stencil: 0, acc: 0000, samples: 0/0
display  D   display_settings.c:377  _al_score_display_settings       [   0.02534] Single Buffer requirement not met.
display  D   display_settings.c:191  debug_display_settings           [   0.02535] color: 16 (rgba 5650), depth: 16, stencil: 0, acc: 0000, samples: 2/1
display  D   display_settings.c:377  _al_score_display_settings       [   0.02537] Single Buffer requirement not met.
display  D   display_settings.c:191  debug_display_settings           [   0.02538] color: 16 (rgba 5650), depth: 16, stencil: 0, acc: 0000, samples: 3/1
display  D   display_settings.c:377  _al_score_display_settings       [   0.02540] Single Buffer requirement not met.
display  D   display_settings.c:191  debug_display_settings           [   0.02541] color: 16 (rgba 5650), depth: 16, stencil: 0, acc: 0000, samples: 4/1
display  D   display_settings.c:377  _al_score_display_settings       [   0.02542] Single Buffer requirement not met.
display  D   display_settings.c:191  debug_display_settings           [   0.02544] color: 16 (rgba 5650), depth: 16, stencil: 0, acc: 0000, samples: 5/1
display  D   display_settings.c:377  _al_score_display_settings       [   0.02545] Single Buffer requirement not met.
display  D   display_settings.c:191  debug_display_settings           [   0.02546] color: 16 (rgba 5650), depth: 16, stencil: 0, acc: 0000, samples: 6/1
display  D   display_settings.c:377  _al_score_display_settings       [   0.02548] Single Buffer requirement not met.
display  D   display_settings.c:191  debug_display_settings           [   0.02549] color: 16 (rgba 5650), depth: 16, stencil: 0, acc: 0000, samples: 7/1
display  D   display_settings.c:377  _al_score_display_settings       [   0.02551] Single Buffer requirement not met.
display  D   display_settings.c:191  debug_display_settings           [   0.02552] color: 16 (rgba 5650), depth: 16, stencil: 0, acc: 0000, samples: 8/1
display  D   display_settings.c:377  _al_score_display_settings       [   0.02554] Single Buffer requirement not met.
d3d      D         d3d_disp.cpp:1640 d3d_create_display_internals     [   0.02560] Trying format 144.
d3d      I         d3d_disp.cpp:1325 d3d_display_thread_proc          [   0.02605] Chose a display format: 23
d3d      I         d3d_disp.cpp:1394 d3d_display_thread_proc          [   0.02608] Normal window.
d3d      I         d3d_disp.cpp:800  d3d_create_device                [   0.04121] Using no depth stencil buffer
d3d      D         d3d_disp.cpp:865  d3d_create_device                [   0.09986] BeginScene succeeded in create_device
d3d      D         d3d_disp.cpp:873  d3d_create_device                [   0.09991] Success
d3d      D         d3d_disp.cpp:1663 d3d_create_display_internals     [   0.09994] Resumed after wait.
d3d      I         d3d_disp.cpp:1696 d3d_create_display_internals     [   0.10002] Format 144 succeeded.
d3d      D         d3d_disp.cpp:1719 d3d_create_display_internals     [   0.10005] Returning d3d_display: 02A2B498
d3d      D         d3d_disp.cpp:1744 d3d_create_display_locked        [   0.10007] al_display=02A2B498
d3d      D         d3d_disp.cpp:1745 d3d_create_display_locked        [   0.10008] al_display->vt=02A2B3D0
audio-dsound D           dsound.cpp:234  _dsound_open                     [   0.10152] Loading DirectSound module
system   D            wsystem.c:583  maybe_parent_dir                 [   0.10165] Also searching C:\Users\apaar\Documents\Crowbot\Crowbot\
system   D            wsystem.c:633  _al_win_safe_load_library        [   0.10182] PathFindOnPath found: C:\Windows\system32\dsound.dll
system   D            wsystem.c:544  load_library_at_path             [   0.10184] Calling LoadLibrary C:\Windows\system32\dsound.dll
system   I            wsystem.c:547  load_library_at_path             [   0.10337] Loaded C:\Windows\system32\dsound.dll
audio-dsound I           dsound.cpp:251  _dsound_open                     [   0.10343] Starting DirectSound...
audio-dsound D           dsound.cpp:261  _dsound_open                     [   0.13618] DirectSoundCreate8 succeeded
audio    I              audio.c:286  do_install_audio                 [   0.13761] Using DirectSound driver
audio-dsound D           dsound.cpp:296  _dsound_allocate_voice           [   0.13768] Allocating voice
audio-dsound D           dsound.cpp:355  _dsound_allocate_voice           [   0.13770] Allocated voice
dtor     D               dtor.c:184  _al_register_destructor          [   0.13771] added dtor for object 02CFC360, func 0FD4251D
dtor     D               dtor.c:184  _al_register_destructor          [   0.13774] added dtor for object 02CFC5B8, func 0FD42919
audio-dsound D           dsound.cpp:452  _dsound_start_voice              [   0.13775] Starting voice
audio-dsound D           dsound.cpp:481  _dsound_start_voice              [   0.13777] CreateSoundBuffer
audio-dsound D           dsound.cpp:490  _dsound_start_voice              [   0.13885] CreateSoundBuffer succeeded
audio-dsound D           dsound.cpp:496  _dsound_start_voice              [   0.13889] Starting _dsound_update thread
audio-dsound I           dsound.cpp:506  _dsound_start_voice              [   0.13907] Voice started
dtor     D               dtor.c:184  _al_register_destructor          [   0.13912] added dtor for object 02CFCAE0, func 0FD423F6
audio    D          kcm_mixer.c:121  _al_rechannel_matrix             [   0.13914] sample matrix:
audio    D          kcm_mixer.c:127  _al_rechannel_matrix             [   0.13916] 
audio    D          kcm_mixer.c:127  _al_rechannel_matrix             [   0.13917] 
dtor     D               dtor.c:184  _al_register_destructor          [   0.13920] added dtor for object 02CFCF30, func 0FD423F6
audio    D          kcm_mixer.c:121  _al_rechannel_matrix             [   0.13923] sample matrix:
audio    D          kcm_mixer.c:127  _al_rechannel_matrix             [   0.13924] 
audio    D          kcm_mixer.c:127  _al_rechannel_matrix             [   0.13925] 
dtor     D               dtor.c:184  _al_register_destructor          [   0.13930] added dtor for object 02CFC930, func 0FD423F6
audio    D          kcm_mixer.c:121  _al_rechannel_matrix             [   0.13943] sample matrix:
audio    D          kcm_mixer.c:127  _al_rechannel_matrix             [   0.13945] 
audio    D          kcm_mixer.c:127  _al_rechannel_matrix             [   0.13946] 
dtor     D               dtor.c:184  _al_register_destructor          [   0.13947] added dtor for object 02D090C8, func 0FD423F6
audio    D          kcm_mixer.c:121  _al_rechannel_matrix             [   0.13949] sample matrix:
audio    D          kcm_mixer.c:127  _al_rechannel_matrix             [   0.13950] 
audio    D          kcm_mixer.c:127  _al_rechannel_matrix             [   0.13951] 
dtor     D               dtor.c:184  _al_register_destructor          [   0.13954] added dtor for object 02D09240, func 0FD423F6
audio    D          kcm_mixer.c:121  _al_rechannel_matrix             [   0.13956] sample matrix:
audio    D          kcm_mixer.c:127  _al_rechannel_matrix             [   0.13957] 
audio    D          kcm_mixer.c:127  _al_rechannel_matrix             [   0.13958] 
d3d      I         d3d_disp.cpp:920  d3d_destroy_display              [   0.14949] destroying display 02A2B498 (current 00000000)
d3d      D         d3d_disp.cpp:904  d3d_destroy_display_internals    [   0.14954] waiting for display 02A2B498's thread to end
d3d      W         d3d_disp.cpp:616  d3d_destroy_device               [   0.15575] d3d_destroy_device: ref count not 0
d3d      I         d3d_disp.cpp:1522 d3d_display_thread_proc          [   0.16446] d3d display thread exits
dtor     D               dtor.c:214  _al_unregister_destructor        [   4.85566] removed dtor for object 02CFCAE0
dtor     D               dtor.c:214  _al_unregister_destructor        [   4.85573] removed dtor for object 02CFCF30
dtor     D               dtor.c:214  _al_unregister_destructor        [   4.85575] removed dtor for object 02CFC930
dtor     D               dtor.c:214  _al_unregister_destructor        [   4.85576] removed dtor for object 02D090C8
dtor     D               dtor.c:214  _al_unregister_destructor        [   4.85578] removed dtor for object 02D09240
dtor     D               dtor.c:214  _al_unregister_destructor        [   4.85580] removed dtor for object 02CFC5B8
audio-dsound D           dsound.cpp:516  _dsound_stop_voice               [   4.85582] Stopping voice
audio-dsound D           dsound.cpp:532  _dsound_stop_voice               [   4.85583] Joining thread
audio-dsound D           dsound.cpp:538  _dsound_stop_voice               [   4.85835] Joined thread
audio-dsound D           dsound.cpp:540  _dsound_stop_voice               [   4.85839] Destroying thread
audio-dsound D           dsound.cpp:542  _dsound_stop_voice               [   4.85842] Thread destroyed
audio-dsound D           dsound.cpp:545  _dsound_stop_voice               [   4.85843] Releasing buffer
audio-dsound I           dsound.cpp:549  _dsound_stop_voice               [   4.85845] Voice stopped
dtor     D               dtor.c:214  _al_unregister_destructor        [   4.85847] removed dtor for object 02CFC360
audio-dsound D           dsound.cpp:365  _dsound_deallocate_voice         [   4.85849] Deallocating voice
audio-dsound D           dsound.cpp:370  _dsound_deallocate_voice         [   4.85850] Deallocated voice
audio-dsound D           dsound.cpp:279  _dsound_close                    [   4.85853] Releasing device
audio-dsound D           dsound.cpp:281  _dsound_close                    [   4.93517] Released device
audio-dsound I           dsound.cpp:284  _dsound_close                    [   4.93523] DirectSound closed
