Build started 23/07/2013 11:49:46 PM.
     1>Project "C:\Users\apaar\Documents\Crowbot\Crowbot\Crowbot\Crowbot.vcxproj" on node 2 (Build target(s)).
     1>ClCompile:
         C:\Program Files (x86)\Microsoft Visual Studio 11.0\VC\bin\CL.exe /c /ZI /nologo /W3 /WX- /Od /Oy- /D _MBCS /Gm /EHsc /RTC1 /MDd /GS /fp:precise /Zc:wchar_t /Zc:forScope /Fo"Debug\\" /Fd"Debug\vc110.pdb" /Gd /TP /analyze- /errorReport:prompt main.cpp
         main.cpp
       Link:
         C:\Program Files (x86)\Microsoft Visual Studio 11.0\VC\bin\link.exe /ERRORREPORT:PROMPT /OUT:"C:\Users\apaar\Documents\Crowbot\Crowbot\Debug\Crowbot.exe" /INCREMENTAL /NOLOGO "allegro-5.0.8-monolith-md-debug.lib" kernel32.lib user32.lib gdi32.lib winspool.lib comdlg32.lib advapi32.lib shell32.lib ole32.lib oleaut32.lib uuid.lib odbc32.lib odbccp32.lib /MANIFEST /MANIFESTUAC:"level='asInvoker' uiAccess='false'" /manifest:embed /DEBUG /PDB:"C:\Users\apaar\Documents\Crowbot\Crowbot\Debug\Crowbot.pdb" /TLBID:1 /DYNAMICBASE /NXCOMPAT /IMPLIB:"C:\Users\apaar\Documents\Crowbot\Crowbot\Debug\Crowbot.lib" /MACHINE:X86 Debug\Animated.obj
         Debug\Compiler.obj
         Debug\Drawable.obj
         Debug\Entity.obj
         Debug\GlobalVariables.obj
         Debug\Lexxer.obj
         Debug\main.obj
         Debug\Parser.obj
         Debug\Pixel.obj
         Debug\Robot.obj
         Debug\SystemFunctions.obj
         Crowbot.vcxproj -> C:\Users\apaar\Documents\Crowbot\Crowbot\Debug\Crowbot.exe
     1>Done Building Project "C:\Users\apaar\Documents\Crowbot\Crowbot\Crowbot\Crowbot.vcxproj" (Build target(s)).

Build succeeded.

Time Elapsed 00:00:04.24
